This is ApacheBench, Version 2.3 <$Revision: 1796539 $>
Copyright 1996 Adam Twiss, Zeus Technology Ltd, http://www.zeustech.net/
Licensed to The Apache Software Foundation, http://www.apache.org/

Benchmarking 0.0.0.0 (be patient).....done


Server Software:        Cowboy
Server Hostname:        0.0.0.0
Server Port:            4000

Document Path:          /api
Document Length:        32 bytes

Concurrency Level:      1
Time taken for tests:   0.131 seconds
Complete requests:      1
Failed requests:        0
Keep-Alive requests:    1
Total transferred:      287 bytes
Total body sent:        243
HTML transferred:       32 bytes
Requests per second:    7.61 [#/sec] (mean)
Time per request:       131.454 [ms] (mean)
Time per request:       131.454 [ms] (mean, across all concurrent requests)
Transfer rate:          2.13 [Kbytes/sec] received
                        1.81 kb/s sent
                        3.94 kb/s total

Connection Times (ms)
              min  mean[+/-sd] median   max
Connect:        0    0   0.0      0       0
Processing:   131  131   0.0    131     131
Waiting:      131  131   0.0    131     131
Total:        131  131   0.0    131     131
